<?xml version="1.0" encoding="UTF-8"?>
<testng-results ignored="0" total="2" passed="2" failed="0" skipped="0">
  <reporter-output>
  </reporter-output>
  <suite started-at="2024-09-24T13:42:26 IST" name="Suite" finished-at="2024-09-24T13:42:47 IST" duration-ms="21428">
    <groups>
      <group name="Masters">
        <method signature="TC001_AccountRegistrationTest.verify_account_registration()[pri:0, instance:testCases.TC001_AccountRegistrationTest@4409e975]" name="verify_account_registration" class="testCases.TC001_AccountRegistrationTest"/>
        <method signature="TC_002LoginTest.verify_loginTest()[pri:0, instance:testCases.TC_002LoginTest@758a34ce]" name="verify_loginTest" class="testCases.TC_002LoginTest"/>
      </group> <!-- Masters -->
      <group name="Sanity">
        <method signature="TC_002LoginTest.verify_loginTest()[pri:0, instance:testCases.TC_002LoginTest@758a34ce]" name="verify_loginTest" class="testCases.TC_002LoginTest"/>
      </group> <!-- Sanity -->
      <group name="Regression">
        <method signature="TC001_AccountRegistrationTest.verify_account_registration()[pri:0, instance:testCases.TC001_AccountRegistrationTest@4409e975]" name="verify_account_registration" class="testCases.TC001_AccountRegistrationTest"/>
      </group> <!-- Regression -->
    </groups>
    <test started-at="2024-09-24T13:42:26 IST" name="Test" finished-at="2024-09-24T13:42:47 IST" duration-ms="21428">
      <class name="testCases.TC001_AccountRegistrationTest">
        <test-method is-config="true" signature="setUp(java.lang.String,java.lang.String)[pri:0, instance:testCases.TC001_AccountRegistrationTest@4409e975]" started-at="2024-09-24T13:42:27 IST" name="setUp" finished-at="2024-09-24T13:42:38 IST" duration-ms="11115" status="PASS">
          <params>
            <param index="0">
              <value>
                <![CDATA[windows]]>
              </value>
            </param>
            <param index="1">
              <value>
                <![CDATA[chrome]]>
              </value>
            </param>
          </params>
          <reporter-output>
          </reporter-output>
        </test-method> <!-- setUp -->
        <test-method signature="verify_account_registration()[pri:0, instance:testCases.TC001_AccountRegistrationTest@4409e975]" started-at="2024-09-24T13:42:38 IST" name="verify_account_registration" finished-at="2024-09-24T13:42:42 IST" duration-ms="3790" status="PASS">
          <reporter-output>
          </reporter-output>
        </test-method> <!-- verify_account_registration -->
        <test-method is-config="true" signature="tearDown()[pri:0, instance:testCases.TC001_AccountRegistrationTest@4409e975]" started-at="2024-09-24T13:42:42 IST" name="tearDown" finished-at="2024-09-24T13:42:42 IST" duration-ms="225" status="PASS">
          <reporter-output>
          </reporter-output>
        </test-method> <!-- tearDown -->
      </class> <!-- testCases.TC001_AccountRegistrationTest -->
      <class name="testCases.TC_002LoginTest">
        <test-method is-config="true" signature="setUp(java.lang.String,java.lang.String)[pri:0, instance:testCases.TC_002LoginTest@758a34ce]" started-at="2024-09-24T13:42:42 IST" name="setUp" finished-at="2024-09-24T13:42:46 IST" duration-ms="3466" status="PASS">
          <params>
            <param index="0">
              <value>
                <![CDATA[windows]]>
              </value>
            </param>
            <param index="1">
              <value>
                <![CDATA[chrome]]>
              </value>
            </param>
          </params>
          <reporter-output>
          </reporter-output>
        </test-method> <!-- setUp -->
        <test-method signature="verify_loginTest()[pri:0, instance:testCases.TC_002LoginTest@758a34ce]" started-at="2024-09-24T13:42:46 IST" name="verify_loginTest" finished-at="2024-09-24T13:42:47 IST" duration-ms="1711" status="PASS">
          <reporter-output>
          </reporter-output>
        </test-method> <!-- verify_loginTest -->
        <test-method is-config="true" signature="tearDown()[pri:0, instance:testCases.TC_002LoginTest@758a34ce]" started-at="2024-09-24T13:42:47 IST" name="tearDown" finished-at="2024-09-24T13:42:47 IST" duration-ms="217" status="PASS">
          <reporter-output>
          </reporter-output>
        </test-method> <!-- tearDown -->
      </class> <!-- testCases.TC_002LoginTest -->
    </test> <!-- Test -->
  </suite> <!-- Suite -->
</testng-results>
